2014-12-01 13:52:38 INFO  DispatcherServlet:454 - FrameworkServlet 'skeleton': initialization started
2014-12-01 13:52:38 INFO  XmlWebApplicationContext:510 - Refreshing WebApplicationContext for namespace 'skeleton-servlet': startup date [Mon Dec 01 13:52:38 MST 2014]; root of context hierarchy
2014-12-01 13:52:38 INFO  XmlBeanDefinitionReader:315 - Loading XML bean definitions from class path resource [skeleton-servlet.xml]
2014-12-01 13:52:38 INFO  ClassPathBeanDefinitionScanner:231 - JSR-250 'javax.annotation.ManagedBean' found and supported for component scanning
2014-12-01 13:52:38 INFO  XmlBeanDefinitionReader:315 - Loading XML bean definitions from class path resource [hibernate.xml]
2014-12-01 13:52:38 INFO  PropertySourcesPlaceholderConfigurer:172 - Loading properties file from class path resource [jdbc.properties]
2014-12-01 13:52:39 INFO  DefaultListableBeanFactory:598 - Pre-instantiating singletons in org.springframework.beans.factory.support.DefaultListableBeanFactory@10bd802: defining beans [mvcContentNegotiationManager,org.springframework.web.servlet.mvc.method.annotation.RequestMappingHandlerMapping#0,org.springframework.format.support.FormattingConversionServiceFactoryBean#0,org.springframework.web.servlet.mvc.method.annotation.RequestMappingHandlerAdapter#0,org.springframework.web.servlet.handler.MappedInterceptor#0,org.springframework.web.servlet.mvc.method.annotation.ExceptionHandlerExceptionResolver#0,org.springframework.web.servlet.mvc.annotation.ResponseStatusExceptionResolver#0,org.springframework.web.servlet.mvc.support.DefaultHandlerExceptionResolver#0,org.springframework.web.servlet.handler.BeanNameUrlHandlerMapping,org.springframework.web.servlet.mvc.HttpRequestHandlerAdapter,org.springframework.web.servlet.mvc.SimpleControllerHandlerAdapter,homeController,usersController,testDaoImpl,userDaoImpl,testServiceImpl,userServiceImpl,org.springframework.context.annotation.internalConfigurationAnnotationProcessor,org.springframework.context.annotation.internalAutowiredAnnotationProcessor,org.springframework.context.annotation.internalRequiredAnnotationProcessor,org.springframework.context.annotation.internalCommonAnnotationProcessor,org.springframework.context.annotation.internalPersistenceAnnotationProcessor,viewResolver,org.springframework.context.support.PropertySourcesPlaceholderConfigurer#0,dataSource,sessionFactory,org.springframework.aop.config.internalAutoProxyCreator,org.springframework.transaction.annotation.AnnotationTransactionAttributeSource#0,org.springframework.transaction.interceptor.TransactionInterceptor#0,org.springframework.transaction.config.internalTransactionAdvisor,txManager,liquidbase,org.springframework.context.annotation.ConfigurationClassPostProcessor.importAwareProcessor]; root of factory hierarchy
2014-12-01 13:52:39 INFO  RequestMappingHandlerMapping:179 - Mapped "{[/],methods=[GET],params=[],headers=[],consumes=[],produces=[],custom=[]}" onto public java.lang.String com.xpanxion.skeleton.controllers.HomeController.mainPage(org.springframework.ui.ModelMap)
2014-12-01 13:52:39 INFO  RequestMappingHandlerMapping:179 - Mapped "{[/**/home],methods=[],params=[],headers=[],consumes=[],produces=[],custom=[]}" onto public org.springframework.web.servlet.ModelAndView com.xpanxion.skeleton.controllers.HomeController.getHomePage()
2014-12-01 13:52:39 INFO  RequestMappingHandlerMapping:179 - Mapped "{[/users/MV],methods=[GET],params=[],headers=[],consumes=[],produces=[],custom=[]}" onto public org.springframework.web.servlet.ModelAndView com.xpanxion.skeleton.controllers.UsersController.getUsers()
2014-12-01 13:52:39 INFO  RequestMappingHandlerMapping:179 - Mapped "{[/users/MVWH],methods=[GET],params=[],headers=[],consumes=[],produces=[],custom=[]}" onto public org.springframework.web.servlet.ModelAndView com.xpanxion.skeleton.controllers.UsersController.getUsersWH(java.lang.String,javax.servlet.http.HttpServletResponse)
2014-12-01 13:52:39 INFO  RequestMappingHandlerMapping:179 - Mapped "{[/users/new],methods=[POST],params=[],headers=[],consumes=[],produces=[],custom=[]}" onto public java.lang.String com.xpanxion.skeleton.controllers.UsersController.newUser(com.xpanxion.skeleton.dto.beans.UserBean,org.springframework.ui.Model)
2014-12-01 13:52:39 INFO  RequestMappingHandlerMapping:179 - Mapped "{[/users/update/{id}],methods=[POST],params=[],headers=[],consumes=[],produces=[],custom=[]}" onto public java.lang.String com.xpanxion.skeleton.controllers.UsersController.updateUser(long,com.xpanxion.skeleton.dto.beans.UserBean,org.springframework.ui.Model)
2014-12-01 13:52:39 INFO  RequestMappingHandlerMapping:179 - Mapped "{[/users/delete/{id}],methods=[],params=[],headers=[],consumes=[],produces=[],custom=[]}" onto public java.lang.String com.xpanxion.skeleton.controllers.UsersController.deleteUser(long,com.xpanxion.skeleton.dto.beans.UserBean,org.springframework.ui.Model)
2014-12-01 13:52:39 INFO  RequestMappingHandlerMapping:179 - Mapped "{[/users/new],methods=[GET],params=[],headers=[],consumes=[],produces=[],custom=[]}" onto public java.lang.String com.xpanxion.skeleton.controllers.UsersController.createUserPage(org.springframework.ui.Model)
2014-12-01 13:52:39 INFO  RequestMappingHandlerMapping:179 - Mapped "{[/users/update/{id}],methods=[GET],params=[],headers=[],consumes=[],produces=[],custom=[]}" onto public java.lang.String com.xpanxion.skeleton.controllers.UsersController.updateUserForm(long,com.xpanxion.skeleton.dto.beans.UserBean,org.springframework.ui.Model)
2014-12-01 13:52:40 INFO  Version:37 - HCANN000001: Hibernate Commons Annotations {4.0.2.Final}
2014-12-01 13:52:40 INFO  Version:41 - HHH000412: Hibernate Core {4.2.6.Final}
2014-12-01 13:52:40 INFO  Environment:238 - HHH000206: hibernate.properties not found
2014-12-01 13:52:40 INFO  Environment:345 - HHH000021: Bytecode provider name : javassist
2014-12-01 13:52:40 INFO  Dialect:130 - HHH000400: Using dialect: org.hibernate.dialect.PostgreSQLDialect
2014-12-01 13:52:40 INFO  LobCreatorBuilder:120 - HHH000424: Disabling contextual LOB creation as createClob() method threw error : java.lang.reflect.InvocationTargetException
2014-12-01 13:52:41 INFO  TransactionFactoryInitiator:68 - HHH000399: Using default transaction strategy (direct JDBC transactions)
2014-12-01 13:52:41 INFO  ASTQueryTranslatorFactory:48 - HHH000397: Using ASTQueryTranslatorFactory
2014-12-01 13:52:44 INFO  DispatcherServlet:473 - FrameworkServlet 'skeleton': initialization completed in 6129 ms
2014-12-01 13:52:45 INFO  Class:61 - Model and View of Users
2014-12-01 13:53:08 WARN  PageNotFound:1108 - No mapping found for HTTP request with URI [/users] in DispatcherServlet with name 'skeleton'
2014-12-01 13:53:22 INFO  Class:61 - Model and View of Users
2014-12-01 13:54:37 INFO  XmlWebApplicationContext:1042 - Closing WebApplicationContext for namespace 'skeleton-servlet': startup date [Mon Dec 01 13:52:38 MST 2014]; root of context hierarchy
2014-12-01 13:54:37 INFO  DefaultListableBeanFactory:444 - Destroying singletons in org.springframework.beans.factory.support.DefaultListableBeanFactory@10bd802: defining beans [mvcContentNegotiationManager,org.springframework.web.servlet.mvc.method.annotation.RequestMappingHandlerMapping#0,org.springframework.format.support.FormattingConversionServiceFactoryBean#0,org.springframework.web.servlet.mvc.method.annotation.RequestMappingHandlerAdapter#0,org.springframework.web.servlet.handler.MappedInterceptor#0,org.springframework.web.servlet.mvc.method.annotation.ExceptionHandlerExceptionResolver#0,org.springframework.web.servlet.mvc.annotation.ResponseStatusExceptionResolver#0,org.springframework.web.servlet.mvc.support.DefaultHandlerExceptionResolver#0,org.springframework.web.servlet.handler.BeanNameUrlHandlerMapping,org.springframework.web.servlet.mvc.HttpRequestHandlerAdapter,org.springframework.web.servlet.mvc.SimpleControllerHandlerAdapter,homeController,usersController,testDaoImpl,userDaoImpl,testServiceImpl,userServiceImpl,org.springframework.context.annotation.internalConfigurationAnnotationProcessor,org.springframework.context.annotation.internalAutowiredAnnotationProcessor,org.springframework.context.annotation.internalRequiredAnnotationProcessor,org.springframework.context.annotation.internalCommonAnnotationProcessor,org.springframework.context.annotation.internalPersistenceAnnotationProcessor,viewResolver,org.springframework.context.support.PropertySourcesPlaceholderConfigurer#0,dataSource,sessionFactory,org.springframework.aop.config.internalAutoProxyCreator,org.springframework.transaction.annotation.AnnotationTransactionAttributeSource#0,org.springframework.transaction.interceptor.TransactionInterceptor#0,org.springframework.transaction.config.internalTransactionAdvisor,txManager,liquidbase,org.springframework.context.annotation.ConfigurationClassPostProcessor.importAwareProcessor]; root of factory hierarchy
2014-12-01 13:54:41 INFO  DispatcherServlet:454 - FrameworkServlet 'skeleton': initialization started
2014-12-01 13:54:41 INFO  XmlWebApplicationContext:510 - Refreshing WebApplicationContext for namespace 'skeleton-servlet': startup date [Mon Dec 01 13:54:41 MST 2014]; root of context hierarchy
2014-12-01 13:54:41 INFO  XmlBeanDefinitionReader:315 - Loading XML bean definitions from class path resource [skeleton-servlet.xml]
2014-12-01 13:54:42 INFO  ClassPathBeanDefinitionScanner:231 - JSR-250 'javax.annotation.ManagedBean' found and supported for component scanning
2014-12-01 13:54:42 INFO  XmlBeanDefinitionReader:315 - Loading XML bean definitions from class path resource [hibernate.xml]
2014-12-01 13:54:42 INFO  PropertySourcesPlaceholderConfigurer:172 - Loading properties file from class path resource [jdbc.properties]
2014-12-01 13:54:42 INFO  DefaultListableBeanFactory:598 - Pre-instantiating singletons in org.springframework.beans.factory.support.DefaultListableBeanFactory@732a71: defining beans [mvcContentNegotiationManager,org.springframework.web.servlet.mvc.method.annotation.RequestMappingHandlerMapping#0,org.springframework.format.support.FormattingConversionServiceFactoryBean#0,org.springframework.web.servlet.mvc.method.annotation.RequestMappingHandlerAdapter#0,org.springframework.web.servlet.handler.MappedInterceptor#0,org.springframework.web.servlet.mvc.method.annotation.ExceptionHandlerExceptionResolver#0,org.springframework.web.servlet.mvc.annotation.ResponseStatusExceptionResolver#0,org.springframework.web.servlet.mvc.support.DefaultHandlerExceptionResolver#0,org.springframework.web.servlet.handler.BeanNameUrlHandlerMapping,org.springframework.web.servlet.mvc.HttpRequestHandlerAdapter,org.springframework.web.servlet.mvc.SimpleControllerHandlerAdapter,homeController,usersController,testDaoImpl,userDaoImpl,testServiceImpl,userServiceImpl,org.springframework.context.annotation.internalConfigurationAnnotationProcessor,org.springframework.context.annotation.internalAutowiredAnnotationProcessor,org.springframework.context.annotation.internalRequiredAnnotationProcessor,org.springframework.context.annotation.internalCommonAnnotationProcessor,org.springframework.context.annotation.internalPersistenceAnnotationProcessor,viewResolver,org.springframework.context.support.PropertySourcesPlaceholderConfigurer#0,dataSource,sessionFactory,org.springframework.aop.config.internalAutoProxyCreator,org.springframework.transaction.annotation.AnnotationTransactionAttributeSource#0,org.springframework.transaction.interceptor.TransactionInterceptor#0,org.springframework.transaction.config.internalTransactionAdvisor,txManager,liquidbase,org.springframework.context.annotation.ConfigurationClassPostProcessor.importAwareProcessor]; root of factory hierarchy
2014-12-01 13:54:42 INFO  RequestMappingHandlerMapping:179 - Mapped "{[/],methods=[GET],params=[],headers=[],consumes=[],produces=[],custom=[]}" onto public java.lang.String com.xpanxion.skeleton.controllers.HomeController.mainPage(org.springframework.ui.ModelMap)
2014-12-01 13:54:42 INFO  RequestMappingHandlerMapping:179 - Mapped "{[/**/home],methods=[],params=[],headers=[],consumes=[],produces=[],custom=[]}" onto public org.springframework.web.servlet.ModelAndView com.xpanxion.skeleton.controllers.HomeController.getHomePage()
2014-12-01 13:54:42 INFO  RequestMappingHandlerMapping:179 - Mapped "{[/users/MV],methods=[GET],params=[],headers=[],consumes=[],produces=[],custom=[]}" onto public org.springframework.web.servlet.ModelAndView com.xpanxion.skeleton.controllers.UsersController.getUsers()
2014-12-01 13:54:42 INFO  RequestMappingHandlerMapping:179 - Mapped "{[/users/MVWH],methods=[GET],params=[],headers=[],consumes=[],produces=[],custom=[]}" onto public org.springframework.web.servlet.ModelAndView com.xpanxion.skeleton.controllers.UsersController.getUsersWH(java.lang.String,javax.servlet.http.HttpServletResponse)
2014-12-01 13:54:42 INFO  RequestMappingHandlerMapping:179 - Mapped "{[/users/new],methods=[POST],params=[],headers=[],consumes=[],produces=[],custom=[]}" onto public java.lang.String com.xpanxion.skeleton.controllers.UsersController.newUser(com.xpanxion.skeleton.dto.beans.UserBean,org.springframework.ui.Model)
2014-12-01 13:54:42 INFO  RequestMappingHandlerMapping:179 - Mapped "{[/users/update/{id}],methods=[POST],params=[],headers=[],consumes=[],produces=[],custom=[]}" onto public java.lang.String com.xpanxion.skeleton.controllers.UsersController.updateUser(long,com.xpanxion.skeleton.dto.beans.UserBean,org.springframework.ui.Model)
2014-12-01 13:54:42 INFO  RequestMappingHandlerMapping:179 - Mapped "{[/users/delete/{id}],methods=[],params=[],headers=[],consumes=[],produces=[],custom=[]}" onto public java.lang.String com.xpanxion.skeleton.controllers.UsersController.deleteUser(long,com.xpanxion.skeleton.dto.beans.UserBean,org.springframework.ui.Model)
2014-12-01 13:54:42 INFO  RequestMappingHandlerMapping:179 - Mapped "{[/users/new],methods=[GET],params=[],headers=[],consumes=[],produces=[],custom=[]}" onto public java.lang.String com.xpanxion.skeleton.controllers.UsersController.createUserPage(org.springframework.ui.Model)
2014-12-01 13:54:42 INFO  RequestMappingHandlerMapping:179 - Mapped "{[/users/update/{id}],methods=[GET],params=[],headers=[],consumes=[],produces=[],custom=[]}" onto public java.lang.String com.xpanxion.skeleton.controllers.UsersController.updateUserForm(long,com.xpanxion.skeleton.dto.beans.UserBean,org.springframework.ui.Model)
2014-12-01 13:54:43 INFO  Version:37 - HCANN000001: Hibernate Commons Annotations {4.0.2.Final}
2014-12-01 13:54:43 INFO  Version:41 - HHH000412: Hibernate Core {4.2.6.Final}
2014-12-01 13:54:43 INFO  Environment:238 - HHH000206: hibernate.properties not found
2014-12-01 13:54:43 INFO  Environment:345 - HHH000021: Bytecode provider name : javassist
2014-12-01 13:54:44 INFO  Dialect:130 - HHH000400: Using dialect: org.hibernate.dialect.PostgreSQLDialect
2014-12-01 13:54:44 INFO  LobCreatorBuilder:120 - HHH000424: Disabling contextual LOB creation as createClob() method threw error : java.lang.reflect.InvocationTargetException
2014-12-01 13:54:44 INFO  TransactionFactoryInitiator:68 - HHH000399: Using default transaction strategy (direct JDBC transactions)
2014-12-01 13:54:44 INFO  ASTQueryTranslatorFactory:48 - HHH000397: Using ASTQueryTranslatorFactory
2014-12-01 13:54:47 INFO  DispatcherServlet:473 - FrameworkServlet 'skeleton': initialization completed in 5867 ms
2014-12-01 13:55:03 INFO  Class:61 - Model and View of Users
2014-12-01 13:55:31 INFO  XmlWebApplicationContext:1042 - Closing WebApplicationContext for namespace 'skeleton-servlet': startup date [Mon Dec 01 13:54:41 MST 2014]; root of context hierarchy
2014-12-01 13:55:31 INFO  DefaultListableBeanFactory:444 - Destroying singletons in org.springframework.beans.factory.support.DefaultListableBeanFactory@732a71: defining beans [mvcContentNegotiationManager,org.springframework.web.servlet.mvc.method.annotation.RequestMappingHandlerMapping#0,org.springframework.format.support.FormattingConversionServiceFactoryBean#0,org.springframework.web.servlet.mvc.method.annotation.RequestMappingHandlerAdapter#0,org.springframework.web.servlet.handler.MappedInterceptor#0,org.springframework.web.servlet.mvc.method.annotation.ExceptionHandlerExceptionResolver#0,org.springframework.web.servlet.mvc.annotation.ResponseStatusExceptionResolver#0,org.springframework.web.servlet.mvc.support.DefaultHandlerExceptionResolver#0,org.springframework.web.servlet.handler.BeanNameUrlHandlerMapping,org.springframework.web.servlet.mvc.HttpRequestHandlerAdapter,org.springframework.web.servlet.mvc.SimpleControllerHandlerAdapter,homeController,usersController,testDaoImpl,userDaoImpl,testServiceImpl,userServiceImpl,org.springframework.context.annotation.internalConfigurationAnnotationProcessor,org.springframework.context.annotation.internalAutowiredAnnotationProcessor,org.springframework.context.annotation.internalRequiredAnnotationProcessor,org.springframework.context.annotation.internalCommonAnnotationProcessor,org.springframework.context.annotation.internalPersistenceAnnotationProcessor,viewResolver,org.springframework.context.support.PropertySourcesPlaceholderConfigurer#0,dataSource,sessionFactory,org.springframework.aop.config.internalAutoProxyCreator,org.springframework.transaction.annotation.AnnotationTransactionAttributeSource#0,org.springframework.transaction.interceptor.TransactionInterceptor#0,org.springframework.transaction.config.internalTransactionAdvisor,txManager,liquidbase,org.springframework.context.annotation.ConfigurationClassPostProcessor.importAwareProcessor]; root of factory hierarchy
2014-12-01 13:55:32 INFO  DispatcherServlet:454 - FrameworkServlet 'skeleton': initialization started
2014-12-01 13:55:32 INFO  XmlWebApplicationContext:510 - Refreshing WebApplicationContext for namespace 'skeleton-servlet': startup date [Mon Dec 01 13:55:32 MST 2014]; root of context hierarchy
2014-12-01 13:55:32 INFO  XmlBeanDefinitionReader:315 - Loading XML bean definitions from class path resource [skeleton-servlet.xml]
2014-12-01 13:55:33 INFO  ClassPathBeanDefinitionScanner:231 - JSR-250 'javax.annotation.ManagedBean' found and supported for component scanning
2014-12-01 13:55:33 INFO  XmlBeanDefinitionReader:315 - Loading XML bean definitions from class path resource [hibernate.xml]
2014-12-01 13:55:33 INFO  PropertySourcesPlaceholderConfigurer:172 - Loading properties file from class path resource [jdbc.properties]
2014-12-01 13:55:33 INFO  DefaultListableBeanFactory:598 - Pre-instantiating singletons in org.springframework.beans.factory.support.DefaultListableBeanFactory@263ce34f: defining beans [mvcContentNegotiationManager,org.springframework.web.servlet.mvc.method.annotation.RequestMappingHandlerMapping#0,org.springframework.format.support.FormattingConversionServiceFactoryBean#0,org.springframework.web.servlet.mvc.method.annotation.RequestMappingHandlerAdapter#0,org.springframework.web.servlet.handler.MappedInterceptor#0,org.springframework.web.servlet.mvc.method.annotation.ExceptionHandlerExceptionResolver#0,org.springframework.web.servlet.mvc.annotation.ResponseStatusExceptionResolver#0,org.springframework.web.servlet.mvc.support.DefaultHandlerExceptionResolver#0,org.springframework.web.servlet.handler.BeanNameUrlHandlerMapping,org.springframework.web.servlet.mvc.HttpRequestHandlerAdapter,org.springframework.web.servlet.mvc.SimpleControllerHandlerAdapter,homeController,usersController,testDaoImpl,userDaoImpl,testServiceImpl,userServiceImpl,org.springframework.context.annotation.internalConfigurationAnnotationProcessor,org.springframework.context.annotation.internalAutowiredAnnotationProcessor,org.springframework.context.annotation.internalRequiredAnnotationProcessor,org.springframework.context.annotation.internalCommonAnnotationProcessor,org.springframework.context.annotation.internalPersistenceAnnotationProcessor,viewResolver,org.springframework.context.support.PropertySourcesPlaceholderConfigurer#0,dataSource,sessionFactory,org.springframework.aop.config.internalAutoProxyCreator,org.springframework.transaction.annotation.AnnotationTransactionAttributeSource#0,org.springframework.transaction.interceptor.TransactionInterceptor#0,org.springframework.transaction.config.internalTransactionAdvisor,txManager,liquidbase,org.springframework.context.annotation.ConfigurationClassPostProcessor.importAwareProcessor]; root of factory hierarchy
2014-12-01 13:55:33 INFO  RequestMappingHandlerMapping:179 - Mapped "{[/],methods=[GET],params=[],headers=[],consumes=[],produces=[],custom=[]}" onto public java.lang.String com.xpanxion.skeleton.controllers.HomeController.mainPage(org.springframework.ui.ModelMap)
2014-12-01 13:55:33 INFO  RequestMappingHandlerMapping:179 - Mapped "{[/**/home],methods=[],params=[],headers=[],consumes=[],produces=[],custom=[]}" onto public org.springframework.web.servlet.ModelAndView com.xpanxion.skeleton.controllers.HomeController.getHomePage()
2014-12-01 13:55:33 INFO  RequestMappingHandlerMapping:179 - Mapped "{[/users/MV],methods=[GET],params=[],headers=[],consumes=[],produces=[],custom=[]}" onto public org.springframework.web.servlet.ModelAndView com.xpanxion.skeleton.controllers.UsersController.getUsers()
2014-12-01 13:55:33 INFO  RequestMappingHandlerMapping:179 - Mapped "{[/users/MVWH],methods=[GET],params=[],headers=[],consumes=[],produces=[],custom=[]}" onto public org.springframework.web.servlet.ModelAndView com.xpanxion.skeleton.controllers.UsersController.getUsersWH(java.lang.String,javax.servlet.http.HttpServletResponse)
2014-12-01 13:55:33 INFO  RequestMappingHandlerMapping:179 - Mapped "{[/users/new],methods=[POST],params=[],headers=[],consumes=[],produces=[],custom=[]}" onto public java.lang.String com.xpanxion.skeleton.controllers.UsersController.newUser(com.xpanxion.skeleton.dto.beans.UserBean,org.springframework.ui.Model)
2014-12-01 13:55:33 INFO  RequestMappingHandlerMapping:179 - Mapped "{[/users/update/{id}],methods=[POST],params=[],headers=[],consumes=[],produces=[],custom=[]}" onto public java.lang.String com.xpanxion.skeleton.controllers.UsersController.updateUser(long,com.xpanxion.skeleton.dto.beans.UserBean,org.springframework.ui.Model)
2014-12-01 13:55:33 INFO  RequestMappingHandlerMapping:179 - Mapped "{[/users/delete/{id}],methods=[],params=[],headers=[],consumes=[],produces=[],custom=[]}" onto public java.lang.String com.xpanxion.skeleton.controllers.UsersController.deleteUser(long,com.xpanxion.skeleton.dto.beans.UserBean,org.springframework.ui.Model)
2014-12-01 13:55:33 INFO  RequestMappingHandlerMapping:179 - Mapped "{[/users/new],methods=[GET],params=[],headers=[],consumes=[],produces=[],custom=[]}" onto public java.lang.String com.xpanxion.skeleton.controllers.UsersController.createUserPage(org.springframework.ui.Model)
2014-12-01 13:55:33 INFO  RequestMappingHandlerMapping:179 - Mapped "{[/users/update/{id}],methods=[GET],params=[],headers=[],consumes=[],produces=[],custom=[]}" onto public java.lang.String com.xpanxion.skeleton.controllers.UsersController.updateUserForm(long,com.xpanxion.skeleton.dto.beans.UserBean,org.springframework.ui.Model)
2014-12-01 13:55:34 INFO  Version:37 - HCANN000001: Hibernate Commons Annotations {4.0.2.Final}
2014-12-01 13:55:34 INFO  Version:41 - HHH000412: Hibernate Core {4.2.6.Final}
2014-12-01 13:55:34 INFO  Environment:238 - HHH000206: hibernate.properties not found
2014-12-01 13:55:34 INFO  Environment:345 - HHH000021: Bytecode provider name : javassist
2014-12-01 13:55:35 INFO  Dialect:130 - HHH000400: Using dialect: org.hibernate.dialect.PostgreSQLDialect
2014-12-01 13:55:35 INFO  LobCreatorBuilder:120 - HHH000424: Disabling contextual LOB creation as createClob() method threw error : java.lang.reflect.InvocationTargetException
2014-12-01 13:55:35 INFO  TransactionFactoryInitiator:68 - HHH000399: Using default transaction strategy (direct JDBC transactions)
2014-12-01 13:55:35 INFO  ASTQueryTranslatorFactory:48 - HHH000397: Using ASTQueryTranslatorFactory
2014-12-01 13:55:38 INFO  DispatcherServlet:473 - FrameworkServlet 'skeleton': initialization completed in 5887 ms
2014-12-01 13:57:27 INFO  XmlWebApplicationContext:1042 - Closing WebApplicationContext for namespace 'skeleton-servlet': startup date [Mon Dec 01 13:55:32 MST 2014]; root of context hierarchy
2014-12-01 13:57:27 INFO  DefaultListableBeanFactory:444 - Destroying singletons in org.springframework.beans.factory.support.DefaultListableBeanFactory@263ce34f: defining beans [mvcContentNegotiationManager,org.springframework.web.servlet.mvc.method.annotation.RequestMappingHandlerMapping#0,org.springframework.format.support.FormattingConversionServiceFactoryBean#0,org.springframework.web.servlet.mvc.method.annotation.RequestMappingHandlerAdapter#0,org.springframework.web.servlet.handler.MappedInterceptor#0,org.springframework.web.servlet.mvc.method.annotation.ExceptionHandlerExceptionResolver#0,org.springframework.web.servlet.mvc.annotation.ResponseStatusExceptionResolver#0,org.springframework.web.servlet.mvc.support.DefaultHandlerExceptionResolver#0,org.springframework.web.servlet.handler.BeanNameUrlHandlerMapping,org.springframework.web.servlet.mvc.HttpRequestHandlerAdapter,org.springframework.web.servlet.mvc.SimpleControllerHandlerAdapter,homeController,usersController,testDaoImpl,userDaoImpl,testServiceImpl,userServiceImpl,org.springframework.context.annotation.internalConfigurationAnnotationProcessor,org.springframework.context.annotation.internalAutowiredAnnotationProcessor,org.springframework.context.annotation.internalRequiredAnnotationProcessor,org.springframework.context.annotation.internalCommonAnnotationProcessor,org.springframework.context.annotation.internalPersistenceAnnotationProcessor,viewResolver,org.springframework.context.support.PropertySourcesPlaceholderConfigurer#0,dataSource,sessionFactory,org.springframework.aop.config.internalAutoProxyCreator,org.springframework.transaction.annotation.AnnotationTransactionAttributeSource#0,org.springframework.transaction.interceptor.TransactionInterceptor#0,org.springframework.transaction.config.internalTransactionAdvisor,txManager,liquidbase,org.springframework.context.annotation.ConfigurationClassPostProcessor.importAwareProcessor]; root of factory hierarchy
2014-12-01 13:57:28 INFO  DispatcherServlet:454 - FrameworkServlet 'skeleton': initialization started
2014-12-01 13:57:28 INFO  XmlWebApplicationContext:510 - Refreshing WebApplicationContext for namespace 'skeleton-servlet': startup date [Mon Dec 01 13:57:28 MST 2014]; root of context hierarchy
2014-12-01 13:57:28 INFO  XmlBeanDefinitionReader:315 - Loading XML bean definitions from class path resource [skeleton-servlet.xml]
2014-12-01 13:57:28 INFO  ClassPathBeanDefinitionScanner:231 - JSR-250 'javax.annotation.ManagedBean' found and supported for component scanning
2014-12-01 13:57:29 INFO  XmlBeanDefinitionReader:315 - Loading XML bean definitions from class path resource [hibernate.xml]
2014-12-01 13:57:29 INFO  PropertySourcesPlaceholderConfigurer:172 - Loading properties file from class path resource [jdbc.properties]
2014-12-01 13:57:29 INFO  DefaultListableBeanFactory:598 - Pre-instantiating singletons in org.springframework.beans.factory.support.DefaultListableBeanFactory@25d61d4a: defining beans [mvcContentNegotiationManager,org.springframework.web.servlet.mvc.method.annotation.RequestMappingHandlerMapping#0,org.springframework.format.support.FormattingConversionServiceFactoryBean#0,org.springframework.web.servlet.mvc.method.annotation.RequestMappingHandlerAdapter#0,org.springframework.web.servlet.handler.MappedInterceptor#0,org.springframework.web.servlet.mvc.method.annotation.ExceptionHandlerExceptionResolver#0,org.springframework.web.servlet.mvc.annotation.ResponseStatusExceptionResolver#0,org.springframework.web.servlet.mvc.support.DefaultHandlerExceptionResolver#0,org.springframework.web.servlet.handler.BeanNameUrlHandlerMapping,org.springframework.web.servlet.mvc.HttpRequestHandlerAdapter,org.springframework.web.servlet.mvc.SimpleControllerHandlerAdapter,homeController,usersController,testDaoImpl,userDaoImpl,testServiceImpl,userServiceImpl,org.springframework.context.annotation.internalConfigurationAnnotationProcessor,org.springframework.context.annotation.internalAutowiredAnnotationProcessor,org.springframework.context.annotation.internalRequiredAnnotationProcessor,org.springframework.context.annotation.internalCommonAnnotationProcessor,org.springframework.context.annotation.internalPersistenceAnnotationProcessor,viewResolver,org.springframework.context.support.PropertySourcesPlaceholderConfigurer#0,dataSource,sessionFactory,org.springframework.aop.config.internalAutoProxyCreator,org.springframework.transaction.annotation.AnnotationTransactionAttributeSource#0,org.springframework.transaction.interceptor.TransactionInterceptor#0,org.springframework.transaction.config.internalTransactionAdvisor,txManager,liquidbase,org.springframework.context.annotation.ConfigurationClassPostProcessor.importAwareProcessor]; root of factory hierarchy
2014-12-01 13:57:29 INFO  RequestMappingHandlerMapping:179 - Mapped "{[/],methods=[GET],params=[],headers=[],consumes=[],produces=[],custom=[]}" onto public java.lang.String com.xpanxion.skeleton.controllers.HomeController.mainPage(org.springframework.ui.ModelMap)
2014-12-01 13:57:29 INFO  RequestMappingHandlerMapping:179 - Mapped "{[/**/home],methods=[],params=[],headers=[],consumes=[],produces=[],custom=[]}" onto public org.springframework.web.servlet.ModelAndView com.xpanxion.skeleton.controllers.HomeController.getHomePage()
2014-12-01 13:57:29 INFO  RequestMappingHandlerMapping:179 - Mapped "{[/users/MV],methods=[GET],params=[],headers=[],consumes=[],produces=[],custom=[]}" onto public org.springframework.web.servlet.ModelAndView com.xpanxion.skeleton.controllers.UsersController.getUsers()
2014-12-01 13:57:29 INFO  RequestMappingHandlerMapping:179 - Mapped "{[/users/MVWH],methods=[GET],params=[],headers=[],consumes=[],produces=[],custom=[]}" onto public org.springframework.web.servlet.ModelAndView com.xpanxion.skeleton.controllers.UsersController.getUsersWH(java.lang.String,javax.servlet.http.HttpServletResponse)
2014-12-01 13:57:29 INFO  RequestMappingHandlerMapping:179 - Mapped "{[/users/new],methods=[POST],params=[],headers=[],consumes=[],produces=[],custom=[]}" onto public java.lang.String com.xpanxion.skeleton.controllers.UsersController.newUser(com.xpanxion.skeleton.dto.beans.UserBean,org.springframework.ui.Model)
2014-12-01 13:57:29 INFO  RequestMappingHandlerMapping:179 - Mapped "{[/users/update/{id}],methods=[POST],params=[],headers=[],consumes=[],produces=[],custom=[]}" onto public java.lang.String com.xpanxion.skeleton.controllers.UsersController.updateUser(long,com.xpanxion.skeleton.dto.beans.UserBean,org.springframework.ui.Model)
2014-12-01 13:57:29 INFO  RequestMappingHandlerMapping:179 - Mapped "{[/users/delete/{id}],methods=[],params=[],headers=[],consumes=[],produces=[],custom=[]}" onto public java.lang.String com.xpanxion.skeleton.controllers.UsersController.deleteUser(long,com.xpanxion.skeleton.dto.beans.UserBean,org.springframework.ui.Model)
2014-12-01 13:57:29 INFO  RequestMappingHandlerMapping:179 - Mapped "{[/users/new],methods=[GET],params=[],headers=[],consumes=[],produces=[],custom=[]}" onto public java.lang.String com.xpanxion.skeleton.controllers.UsersController.createUserPage(org.springframework.ui.Model)
2014-12-01 13:57:29 INFO  RequestMappingHandlerMapping:179 - Mapped "{[/users/update/{id}],methods=[GET],params=[],headers=[],consumes=[],produces=[],custom=[]}" onto public java.lang.String com.xpanxion.skeleton.controllers.UsersController.updateUserForm(long,com.xpanxion.skeleton.dto.beans.UserBean,org.springframework.ui.Model)
2014-12-01 13:57:30 INFO  Version:37 - HCANN000001: Hibernate Commons Annotations {4.0.2.Final}
2014-12-01 13:57:30 INFO  Version:41 - HHH000412: Hibernate Core {4.2.6.Final}
2014-12-01 13:57:30 INFO  Environment:238 - HHH000206: hibernate.properties not found
2014-12-01 13:57:30 INFO  Environment:345 - HHH000021: Bytecode provider name : javassist
2014-12-01 13:57:30 INFO  Dialect:130 - HHH000400: Using dialect: org.hibernate.dialect.PostgreSQLDialect
2014-12-01 13:57:30 INFO  LobCreatorBuilder:120 - HHH000424: Disabling contextual LOB creation as createClob() method threw error : java.lang.reflect.InvocationTargetException
2014-12-01 13:57:31 INFO  TransactionFactoryInitiator:68 - HHH000399: Using default transaction strategy (direct JDBC transactions)
2014-12-01 13:57:31 INFO  ASTQueryTranslatorFactory:48 - HHH000397: Using ASTQueryTranslatorFactory
2014-12-01 13:57:33 INFO  DispatcherServlet:473 - FrameworkServlet 'skeleton': initialization completed in 5258 ms
2014-12-01 13:57:58 INFO  Class:61 - Model and View of Users
